\BOOKMARK [1][-]{section.1}{\376\377\000L\000e\000\040\000p\000r\000o\000j\000e\000t\000\040\000e\000n\000\040\000u\000n\000\040\000c\000o\000u\000p\000\040\000d\000'\001\123\000i\000l}{}% 1
\BOOKMARK [2][-]{subsection.1.1}{\376\377\000O\000b\000j\000e\000c\000t\000i\000f}{section.1}% 2
\BOOKMARK [2][-]{subsection.1.2}{\376\377\000L\000a\000\040\000m\000\351\000t\000h\000o\000d\000e\000\040\000d\000e\000\040\000r\000\351\000f\000\351\000r\000e\000n\000c\000e\000\040\000:\000\040\000B\000u\000f\000f\000a\000t\000\040\000e\000t\000\040\000a\000l\000.\000\040\000\050\0002\0000\0001\0008\000\051}{section.1}% 3
\BOOKMARK [2][-]{subsection.1.3}{\376\377\000\311\000t\000a\000t\000\040\000d\000'\000a\000v\000a\000n\000c\000e\000m\000e\000n\000t}{section.1}% 4
\BOOKMARK [1][-]{section.2}{\376\377\000A\000r\000c\000h\000i\000t\000e\000c\000t\000u\000r\000e\000\040\000g\000\351\000n\000\351\000r\000a\000l\000e}{}% 5
\BOOKMARK [2][-]{subsection.2.1}{\376\377\000L\000e\000s\000\040\000d\000e\000u\000x\000\040\000b\000r\000a\000n\000c\000h\000e\000s\000\040\000d\000e\000\040\000l\000a\000\040\000p\000i\000p\000e\000l\000i\000n\000e}{section.2}% 6
\BOOKMARK [2][-]{subsection.2.2}{\376\377\000A\000r\000b\000o\000r\000e\000s\000c\000e\000n\000c\000e\000\040\000e\000t\000\040\000e\000x\000\351\000c\000u\000t\000i\000o\000n}{section.2}% 7
\BOOKMARK [1][-]{section.3}{\376\377\000L\000e\000s\000\040\000d\000o\000n\000n\000\351\000e\000s\000\040\000d\000'\000e\000n\000t\000r\000\351\000e}{}% 8
\BOOKMARK [2][-]{subsection.3.1}{\376\377\000L\000i\000D\000A\000R\000\040\000H\000D\000\040\000I\000G\000N\000\040\000:\000\040\000M\000N\000S\000\040\000e\000t\000\040\000M\000N\000T}{section.3}% 9
\BOOKMARK [2][-]{subsection.3.2}{\376\377\000B\000D\000\040\000T\000O\000P\000O\000\040\000:\000\040\000l\000e\000s\000\040\000e\000m\000p\000r\000i\000s\000e\000s\000\040\000d\000e\000\040\000b\000\342\000t\000i\000m\000e\000n\000t\000s}{section.3}% 10
\BOOKMARK [2][-]{subsection.3.3}{\376\377\000P\000V\000G\000I\000S\000\040\000e\000t\000\040\000S\000A\000R\000A\000H\000-\0003\000\040\000:\000\040\000l\000e\000\040\000r\000a\000y\000o\000n\000n\000e\000m\000e\000n\000t\000\040\000s\000o\000l\000a\000i\000r\000e}{section.3}% 11
\BOOKMARK [2][-]{subsection.3.4}{\376\377\000S\000y\000s\000t\000\350\000m\000e\000s\000\040\000d\000e\000\040\000c\000o\000o\000r\000d\000o\000n\000n\000\351\000e\000s}{section.3}% 12
\BOOKMARK [1][-]{section.4}{\376\377\000N\000o\000t\000i\000o\000n\000s\000\040\000d\000e\000\040\000r\000a\000y\000o\000n\000n\000e\000m\000e\000n\000t\000\040\000s\000o\000l\000a\000i\000r\000e}{}% 13
\BOOKMARK [2][-]{subsection.4.1}{\376\377\000L\000e\000s\000\040\000c\000o\000m\000p\000o\000s\000a\000n\000t\000e\000s\000\040\000d\000u\000\040\000r\000a\000y\000o\000n\000n\000e\000m\000e\000n\000t}{section.4}% 14
\BOOKMARK [2][-]{subsection.4.2}{\376\377\000L\000a\000\040\000p\000o\000s\000i\000t\000i\000o\000n\000\040\000d\000u\000\040\000s\000o\000l\000e\000i\000l}{section.4}% 15
\BOOKMARK [2][-]{subsection.4.3}{\376\377\000L\000a\000\040\000t\000r\000a\000n\000s\000p\000o\000s\000i\000t\000i\000o\000n\000\040\000:\000\040\000d\000u\000\040\000p\000l\000a\000n\000\040\000h\000o\000r\000i\000z\000o\000n\000t\000a\000l\000\040\000a\000u\000\040\000p\000l\000a\000n\000\040\000d\000u\000\040\000t\000o\000i\000t}{section.4}% 16
\BOOKMARK [2][-]{subsection.4.4}{\376\377\000L\000'\000o\000m\000b\000r\000a\000g\000e\000\040\000p\000a\000r\000\040\000l\000'\000h\000o\000r\000i\000z\000o\000n}{section.4}% 17
\BOOKMARK [2][-]{subsection.4.5}{\376\377\000D\000e\000\040\000l\000'\000i\000r\000r\000a\000d\000i\000a\000n\000c\000e\000\040\000\340\000\040\000l\000'\000i\000r\000r\000a\000d\000i\000a\000t\000i\000o\000n\000\040\000:\000\040\000l\000e\000\040\000p\000r\000o\000f\000i\000l\000\040\000\050\000m\000o\000i\000s\000\040\000\040\000h\000e\000u\000r\000e\000\051}{section.4}% 18
\BOOKMARK [1][-]{section.5}{\376\377\000B\000r\000a\000n\000c\000h\000e\000\040\000B\000\040\040\023\000\040\000l\000a\000\040\000g\000\351\000o\000m\000\351\000t\000r\000i\000e\000\040\000:\000\040\000d\000\351\000t\000e\000c\000t\000i\000o\000n\000\040\000d\000e\000s\000\040\000t\000o\000i\000t\000u\000r\000e\000s}{}% 19
\BOOKMARK [2][-]{subsection.5.1}{\376\377\000m\000a\000i\000n\000\137\000M\000N\000T\000M\000N\000S\000.\000p\000y\000\040\000:\000\040\000l\000'\000o\000r\000c\000h\000e\000s\000t\000r\000a\000t\000e\000u\000r}{section.5}% 20
\BOOKMARK [2][-]{subsection.5.2}{\376\377\000s\000r\000c\000/\000g\000e\000o\000m\000e\000t\000r\000i\000e\000/\000E\000x\000t\000r\000a\000c\000t\000B\000D\000t\000o\000p\000o\000.\000p\000y}{section.5}% 21
\BOOKMARK [3][-]{subsubsection.5.2.1}{\376\377\000t\000i\000l\000e\000B\000o\000u\000n\000d\000s\000\050\000m\000n\000s\000\137\000n\000a\000m\000e\000\051\000\040\000:\000\040\000d\000u\000\040\000n\000o\000m\000\040\000d\000e\000\040\000f\000i\000c\000h\000i\000e\000r\000\040\000\340\000\040\000l\000'\000e\000m\000p\000r\000i\000s\000e}{subsection.5.2}% 22
\BOOKMARK [3][-]{subsubsection.5.2.2}{\376\377\000l\000o\000a\000d\000B\000u\000i\000l\000d\000\050\000g\000p\000k\000g\000\137\000p\000a\000t\000h\000,\000\040\000t\000i\000l\000e\000\137\000b\000o\000u\000n\000d\000s\000\051\000\040\000:\000\040\000c\000h\000a\000r\000g\000e\000r\000\040\000e\000t\000\040\000f\000i\000l\000t\000r\000e\000r\000\040\000l\000e\000s\000\040\000b\000\342\000t\000i\000m\000e\000n\000t\000s}{subsection.5.2}% 23
\BOOKMARK [2][-]{subsection.5.3}{\376\377\000s\000r\000c\000/\000g\000e\000o\000m\000e\000t\000r\000i\000e\000/\000c\000l\000i\000p\000\137\000M\000N\000T\000M\000N\000S\000\137\000p\000i\000x\000e\000l\000.\000p\000y\000\040\000:\000\040\000c\000l\000i\000p\000\137\000M\000N\000S\000M\000N\000T\000\137\000p\000i\000x\000e\000l\000s}{section.5}% 24
\BOOKMARK [3][-]{subsubsection.5.3.1}{\376\377\000L\000e\000c\000t\000u\000r\000e\000\040\000d\000e\000s\000\040\000r\000a\000s\000t\000e\000r\000s\000\040\000e\000t\000\040\000n\000o\000t\000i\000o\000n\000\040\000d\000e\000\040\000t\000r\000a\000n\000s\000f\000o\000r\000m\000\040\000a\000f\000f\000i\000n\000e}{subsection.5.3}% 25
\BOOKMARK [3][-]{subsubsection.5.3.2}{\376\377\000L\000e\000\040\000M\000N\000H\000\040\000e\000t\000\040\000l\000a\000\040\000r\000a\000s\000t\000e\000r\000i\000s\000a\000t\000i\000o\000n\000\040\000d\000e\000s\000\040\000b\000\342\000t\000i\000m\000e\000n\000t\000s}{subsection.5.3}% 26
\BOOKMARK [3][-]{subsubsection.5.3.3}{\376\377\000L\000e\000\040\000p\000r\000\351\000-\000m\000a\000s\000q\000u\000e\000\040\000d\000e\000\040\000v\000a\000l\000i\000d\000i\000t\000\351}{subsection.5.3}% 27
\BOOKMARK [3][-]{subsubsection.5.3.4}{\376\377\000P\000e\000n\000t\000e\000\040\000e\000t\000\040\000a\000s\000p\000e\000c\000t\000\040\000p\000a\000r\000\040\000d\000i\000f\000f\000\351\000r\000e\000n\000c\000e\000s\000\040\000f\000i\000n\000i\000e\000s}{subsection.5.3}% 28
\BOOKMARK [3][-]{subsubsection.5.3.5}{\376\377\000L\000'\000\351\000r\000o\000s\000i\000o\000n\000\040\000m\000o\000r\000p\000h\000o\000l\000o\000g\000i\000q\000u\000e\000\040\000:\000\040\000n\000e\000t\000t\000o\000y\000e\000r\000\040\000l\000e\000s\000\040\000b\000o\000r\000d\000s}{subsection.5.3}% 29
\BOOKMARK [3][-]{subsubsection.5.3.6}{\376\377\000L\000e\000s\000\040\000m\000a\000s\000q\000u\000e\000s\000\040\000f\000i\000n\000a\000u\000x}{subsection.5.3}% 30
\BOOKMARK [3][-]{subsubsection.5.3.7}{\376\377\000L\000e\000s\000\040\000e\000x\000p\000o\000r\000t\000s\000\040\000d\000e\000\040\000c\000o\000n\000t\000r\000\364\000l\000e}{subsection.5.3}% 31
\BOOKMARK [2][-]{subsection.5.4}{\376\377\000s\000r\000c\000/\000g\000e\000o\000m\000e\000t\000r\000i\000e\000/\000h\000o\000r\000i\000z\000o\000n\000.\000p\000y\000\040\000:\000\040\000c\000o\000m\000p\000H\000Z}{section.5}% 32
\BOOKMARK [3][-]{subsubsection.5.4.1}{\376\377\000L\000e\000\040\000p\000r\000i\000n\000c\000i\000p\000e\000\040\000:\000\040\000u\000n\000\040\000l\000a\000n\000c\000e\000r\000\040\000d\000e\000\040\000r\000a\000y\000o\000n\000s\000\040\000d\000i\000s\000c\000r\000e\000t}{subsection.5.4}% 33
\BOOKMARK [3][-]{subsubsection.5.4.2}{\376\377\000L\000a\000\040\000v\000e\000c\000t\000o\000r\000i\000s\000a\000t\000i\000o\000n\000\040\000:\000\040\000l\000a\000\040\000c\000l\000\351\000\040\000d\000e\000s\000\040\000p\000e\000r\000f\000o\000r\000m\000a\000n\000c\000e\000s}{subsection.5.4}% 34
\BOOKMARK [1][-]{section.6}{\376\377\000B\000r\000a\000n\000c\000h\000e\000\040\000A\000\040\040\023\000\040\000l\000a\000\040\000m\000\351\000t\000\351\000o\000\040\000:\000\040\000t\000a\000b\000l\000e\000s\000\040\000d\000'\000i\000r\000r\000a\000d\000i\000a\000n\000c\000e\000\040\000p\000a\000r\000\040\000c\000e\000l\000l\000u\000l\000e}{}% 35
\BOOKMARK [2][-]{subsection.6.1}{\376\377\000s\000r\000c\000/\000i\000r\000r\000a\000d\000i\000a\000n\000c\000e\000/\000i\000r\000r\000\137\000f\000c\000t\000.\000p\000y\000\040\000:\000\040\000l\000e\000\040\000m\000o\000d\000u\000l\000e\000\040\000c\000e\000n\000t\000r\000a\000l}{section.6}% 36
\BOOKMARK [3][-]{subsubsection.6.1.1}{\376\377\000L\000e\000s\000\040\000c\000o\000n\000s\000t\000a\000n\000t\000e\000s}{subsection.6.1}% 37
\BOOKMARK [3][-]{subsubsection.6.1.2}{\376\377\000t\000e\000l\000e\000c\000h\000a\000r\000g\000e\000r\000\050\000l\000a\000t\000,\000\040\000l\000o\000n\000\051\000\040\000:\000\040\000l\000a\000\040\000r\000e\000q\000u\000\352\000t\000e\000\040\000P\000V\000G\000I\000S}{subsection.6.1}% 38
\BOOKMARK [3][-]{subsubsection.6.1.3}{\376\377\000t\000r\000a\000n\000s\000p\000A\000g\000r\000\050\000b\000h\000i\000,\000\040\000d\000h\000i\000,\000\040\000l\000a\000t\000,\000\040\000l\000o\000n\000\051\000\040\000:\000\040\000l\000e\000\040\000c\001\123\000u\000r\000\040\000d\000u\000\040\000c\000a\000l\000c\000u\000l}{subsection.6.1}% 39
\BOOKMARK [3][-]{subsubsection.6.1.4}{\376\377\000p\000r\000o\000f\000M\000H\000\050\000s\000e\000r\000i\000e\000,\000\040\000c\000l\000e\000s\000\051\000\040\000:\000\040\000l\000a\000\040\000r\000\351\000d\000u\000c\000t\000i\000o\000n\000\040\000\050\000m\000o\000i\000s\000,\000\040\000h\000e\000u\000r\000e\000\051}{subsection.6.1}% 40
\BOOKMARK [3][-]{subsubsection.6.1.5}{\376\377\000t\000o\000t\000A\000b\000\050\000B\000,\000\040\000D\000\051\000\040\000:\000\040\000l\000e\000\040\000c\000o\000n\000t\000r\000\364\000l\000e\000\040\000a\000n\000n\000u\000e\000l}{subsection.6.1}% 41
\BOOKMARK [3][-]{subsubsection.6.1.6}{\376\377\000c\000h\000e\000m\000i\000n\000T\000a\000b\000l\000e\000\040\000e\000t\000\040\000c\000h\000a\000r\000g\000e\000r\000T\000a\000b\000l\000e\000\040\000:\000\040\000l\000e\000\040\000s\000t\000o\000c\000k\000a\000g\000e}{subsection.6.1}% 42
\BOOKMARK [2][-]{subsection.6.2}{\376\377\000s\000r\000c\000/\000i\000r\000r\000a\000d\000i\000a\000n\000c\000e\000/\000i\000r\000r\000\137\000d\000e\000p\000.\000p\000y\000\040\000:\000\040\000l\000e\000\040\000s\000c\000r\000i\000p\000t\000\040\000d\000e\000\040\000c\000a\000m\000p\000a\000g\000n\000e}{section.6}% 43
\BOOKMARK [3][-]{subsubsection.6.2.1}{\376\377\000g\000r\000i\000l\000l\000e\000C\000e\000l\000l\000u\000l\000e\000s\000\050\000\051}{subsection.6.2}% 44
\BOOKMARK [3][-]{subsubsection.6.2.2}{\376\377\000c\000o\000n\000s\000t\000r\000u\000i\000r\000e\000C\000e\000l\000l\000u\000l\000e\000\050\000l\000a\000t\000,\000\040\000l\000o\000n\000\051}{subsection.6.2}% 45
\BOOKMARK [3][-]{subsubsection.6.2.3}{\376\377\000m\000a\000i\000n\000\050\000\051\000\040\000:\000\040\000l\000a\000\040\000b\000o\000u\000c\000l\000e\000\040\000r\000o\000b\000u\000s\000t\000e}{subsection.6.2}% 46
\BOOKMARK [2][-]{subsection.6.3}{\376\377\000s\000r\000c\000/\000i\000r\000r\000a\000d\000i\000a\000n\000c\000e\000/\000i\000r\000r\000\137\000t\000u\000i\000l\000e\000.\000p\000y\000\040\000:\000\040\000l\000e\000\040\000p\000o\000n\000t\000\040\000d\000a\000l\000l\000e\000\040\000\040\000c\000e\000l\000l\000u\000l\000e\000\040\000\050\000h\000e\000l\000p\000e\000r\000\051}{section.6}% 47
\BOOKMARK [1][-]{section.7}{\376\377\000L\000a\000\040\000p\000h\000a\000s\000e\000\040\000t\000u\000i\000l\000e\000\040\000:\000\040\000d\000u\000\040\000p\000i\000x\000e\000l\000\040\000a\000u\000\040\000G\000e\000o\000P\000a\000c\000k\000a\000g\000e}{}% 48
\BOOKMARK [2][-]{subsection.7.1}{\376\377\000L\000'\000i\000d\000\351\000e\000\040\000:\000\040\000u\000n\000\040\000p\000r\000o\000f\000i\000l\000\040\000p\000a\000r\000\040\000p\000i\000x\000e\000l\000,\000\040\000m\000a\000s\000q\000u\000\351\000,\000\040\000p\000u\000i\000s\000\040\000i\000n\000t\000\351\000g\000r\000\351}{section.7}% 49
\BOOKMARK [2][-]{subsection.7.2}{\376\377\000i\000r\000r\000P\000i\000x\000e\000l\000s\000\040\000:\000\040\000p\000r\000o\000f\000i\000l\000,\000\040\000o\000m\000b\000r\000a\000g\000e\000\040\000e\000t\000\040\000\351\000n\000e\000r\000g\000i\000e\000\040\000d\000e\000\040\000c\000h\000a\000q\000u\000e\000\040\000p\000i\000x\000e\000l}{section.7}% 50
\BOOKMARK [2][-]{subsection.7.3}{\376\377\000m\000a\000s\000q\000u\000e\000r\000H\000o\000r\000i\000z\000o\000n\000\040\000:\000\040\000l\000'\000o\000m\000b\000r\000a\000g\000e\000\040\000d\000u\000\040\000d\000i\000r\000e\000c\000t}{section.7}% 51
\BOOKMARK [2][-]{subsection.7.4}{\376\377\000a\000g\000r\000e\000g\000e\000r\000B\000a\000t\000i\000m\000e\000n\000t\000\040\000:\000\040\000s\000o\000m\000m\000e\000r\000\040\000p\000a\000r\000\040\000b\000\342\000t\000i\000m\000e\000n\000t}{section.7}% 52
\BOOKMARK [2][-]{subsection.7.5}{\376\377\000D\000u\000\040\000g\000i\000s\000e\000m\000e\000n\000t\000\040\000\340\000\040\000l\000a\000\040\000p\000r\000o\000d\000u\000c\000t\000i\000o\000n\000\040\000:\000\040\000l\000e\000\040\000m\000o\000d\000\350\000l\000e\000\040\000P\000V\000\040\000s\000i\000m\000p\000l\000e}{section.7}% 53
\BOOKMARK [2][-]{subsection.7.6}{\376\377\000i\000r\000r\000a\000d\000i\000a\000n\000c\000e\000T\000u\000i\000l\000e\000\040\000:\000\040\000l\000'\000o\000r\000c\000h\000e\000s\000t\000r\000a\000t\000e\000u\000r}{section.7}% 54
\BOOKMARK [2][-]{subsection.7.7}{\376\377\000L\000e\000\040\000G\000e\000o\000P\000a\000c\000k\000a\000g\000e\000\040\000d\000e\000\040\000s\000o\000r\000t\000i\000e}{section.7}% 55
\BOOKMARK [1][-]{section.8}{\376\377\000C\000o\000n\000v\000e\000n\000t\000i\000o\000n\000s\000,\000\040\000u\000n\000i\000t\000\351\000s\000\040\000e\000t\000\040\000p\000i\000\350\000g\000e\000s\000\040\000r\000\351\000c\000a\000p\000i\000t\000u\000l\000\351\000s}{}% 56
\BOOKMARK [1][-]{section.9}{\376\377\000C\000e\000\040\000q\000u\000'\000i\000l\000\040\000r\000e\000s\000t\000e\000\040\000\340\000\040\000f\000a\000i\000r\000e}{}% 57
\BOOKMARK [2][-]{subsection.9.1}{\376\377\000O\000m\000b\000r\000a\000g\000e\000\040\000:\000\040\000c\000e\000\040\000q\000u\000i\000\040\000e\000s\000t\000\040\000c\000a\000p\000t\000\351\000,\000\040\000c\000e\000\040\000q\000u\000i\000\040\000n\000e\000\040\000l\000'\000e\000s\000t\000\040\000p\000a\000s}{section.9}% 58
\BOOKMARK [2][-]{subsection.9.2}{\376\377\000I\000n\000t\000e\000r\000p\000o\000l\000a\000t\000i\000o\000n\000\040\000b\000i\000l\000i\000n\000\351\000a\000i\000r\000e\000\040\000\050\000,\000\040\000\051}{section.9}% 59
\BOOKMARK [2][-]{subsection.9.3}{\376\377\000P\000r\000o\000f\000i\000l\000s\000\040\000m\000e\000n\000s\000u\000e\000l\000s\000\040\000e\000t\000\040\000t\000o\000i\000t\000s\000\040\000p\000l\000a\000t\000s}{section.9}% 60
\BOOKMARK [2][-]{subsection.9.4}{\376\377\000M\000o\000d\000\350\000l\000e\000\040\000P\000V\000\040\000c\000o\000m\000p\000l\000e\000t\000\040\000\050\000r\000a\000f\000f\000i\000n\000e\000m\000e\000n\000t\000\051}{section.9}% 61
\BOOKMARK [2][-]{subsection.9.5}{\376\377\000P\000a\000s\000s\000a\000g\000e\000\040\000\340\000\040\000l\000'\000\351\000c\000h\000e\000l\000l\000e\000\040\000:\000\040\000m\000u\000l\000t\000i\000-\000d\000a\000l\000l\000e\000s\000\040\000e\000t\000\040\000f\000u\000s\000i\000o\000n\000\040\000p\000a\000r\000\040\000r\000\351\000g\000i\000o\000n}{section.9}% 62
\BOOKMARK [2][-]{subsection.9.6}{\376\377\000V\000a\000l\000i\000d\000a\000t\000i\000o\000n}{section.9}% 63
\BOOKMARK [2][-]{subsection.9.7}{\376\377\000L\000i\000m\000i\000t\000e\000s\000\040\000c\000o\000n\000n\000u\000e\000s\000\040\000e\000t\000\040\000c\000h\000o\000i\000x\000\040\000\340\000\040\000r\000\351\000\351\000v\000a\000l\000u\000e\000r}{section.9}% 64
\BOOKMARK [1][-]{section*.18}{\376\377\000R\000\351\000f\000\351\000r\000e\000n\000c\000e\000s}{}% 65
